<pre>
PHP Warning:  require(): open_basedir restriction in effect. File(/volume1/Websites/gallery/builder/inc/utils.php) is not within the allowed path(s): (/etc.defaults:/etc:/usr/syno/synoman:/tmp:/var/services/tmp:/var/services/web:/var/services/homes) in /volume1/Websites/gallery/builder/index.php on line 4

Warning: require(): open_basedir restriction in effect. File(/volume1/Websites/gallery/builder/inc/utils.php) is not within the allowed path(s): (/etc.defaults:/etc:/usr/syno/synoman:/tmp:/var/services/tmp:/var/services/web:/var/services/homes) in /volume1/Websites/gallery/builder/index.php on line 4
PHP Warning:  require(/volume1/Websites/gallery/builder/inc/utils.php): failed to open stream: Operation not permitted in /volume1/Websites/gallery/builder/index.php on line 4

Warning: require(/volume1/Websites/gallery/builder/inc/utils.php): failed to open stream: Operation not permitted in /volume1/Websites/gallery/builder/index.php on line 4
PHP Fatal error:  require(): Failed opening required './inc/utils.php' (include_path='.') in /volume1/Websites/gallery/builder/index.php on line 4

Fatal error: require(): Failed opening required './inc/utils.php' (include_path='.') in /volume1/Websites/gallery/builder/index.php on line 4
<pre>
PHP Warning:  require(): open_basedir restriction in effect. File(/volume1/Websites/gallery/builder/inc/utils.php) is not within the allowed path(s): (/etc.defaults:/etc:/usr/syno/synoman:/tmp:/var/services/tmp:/var/services/web:/var/services/homes) in /volume1/Websites/gallery/builder/index.php on line 4

Warning: require(): open_basedir restriction in effect. File(/volume1/Websites/gallery/builder/inc/utils.php) is not within the allowed path(s): (/etc.defaults:/etc:/usr/syno/synoman:/tmp:/var/services/tmp:/var/services/web:/var/services/homes) in /volume1/Websites/gallery/builder/index.php on line 4
PHP Warning:  require(/volume1/Websites/gallery/builder/inc/utils.php): failed to open stream: Operation not permitted in /volume1/Websites/gallery/builder/index.php on line 4

Warning: require(/volume1/Websites/gallery/builder/inc/utils.php): failed to open stream: Operation not permitted in /volume1/Websites/gallery/builder/index.php on line 4
PHP Fatal error:  require(): Failed opening required './inc/utils.php' (include_path='.') in /volume1/Websites/gallery/builder/index.php on line 4

Fatal error: require(): Failed opening required './inc/utils.php' (include_path='.') in /volume1/Websites/gallery/builder/index.php on line 4
<pre>
Creating directory: /volume1/Websites/gallery/builder/content/candygun
Creating thumbnail: /volume1/Websites/gallery/builder/content/candygun/candygun-logo-draft.jpg
Creating thumbnail: /volume1/Websites/gallery/builder/content/candygun/thumb/candygun-logo-draft.jpg
Creating thumbnail: /volume1/Websites/gallery/builder/content/candygun/candygun_avatars.jpg
Creating thumbnail: /volume1/Websites/gallery/builder/content/candygun/thumb/candygun_avatars.jpg
Creating thumbnail: /volume1/Websites/gallery/builder/content/candygun/candygun_logo.png
libpng warning: iCCP: known incorrect sRGB profile
Creating thumbnail: /volume1/Websites/gallery/builder/content/candygun/thumb/candygun_logo.png
Creating thumbnail: /volume1/Websites/gallery/builder/content/candygun/candygun_logo_color_bright_bg.png
libpng warning: iCCP: known incorrect sRGB profile
Creating thumbnail: /volume1/Websites/gallery/builder/content/candygun/thumb/candygun_logo_color_bright_bg.png
Creating directory: /volume1/Websites/gallery/builder/content/dollardash
Creating thumbnail: /volume1/Websites/gallery/builder/content/dollardash/03.jpg
Creating thumbnail: /volume1/Websites/gallery/builder/content/dollardash/thumb/03.jpg
Creating thumbnail: /volume1/Websites/gallery/builder/content/dollardash/04.jpg
Creating thumbnail: /volume1/Websites/gallery/builder/content/dollardash/thumb/04.jpg
Creating thumbnail: /volume1/Websites/gallery/builder/content/dollardash/10.jpg
Creating thumbnail: /volume1/Websites/gallery/builder/content/dollardash/thumb/10.jpg
Creating thumbnail: /volume1/Websites/gallery/builder/content/dollardash/09.jpg
Creating thumbnail: /volume1/Websites/gallery/builder/content/dollardash/thumb/09.jpg
Creating thumbnail: /volume1/Websites/gallery/builder/content/dollardash/all_hats.jpg
Creating thumbnail: /volume1/Websites/gallery/builder/content/dollardash/thumb/all_hats.jpg
Creating thumbnail: /volume1/Websites/gallery/builder/content/dollardash/dollar-dash-logo.png
libpng warning: iCCP: known incorrect sRGB profile
Creating thumbnail: /volume1/Websites/gallery/builder/content/dollardash/thumb/dollar-dash-logo.png
Creating thumbnail: /volume1/Websites/gallery/builder/content/dollardash/dollar_dash_lobby_design.jpg
Creating thumbnail: /volume1/Websites/gallery/builder/content/dollardash/thumb/dollar_dash_lobby_design.jpg
Creating thumbnail: /volume1/Websites/gallery/builder/content/dollardash/dollar_dash_main_menu_design.jpg
Creating thumbnail: /volume1/Websites/gallery/builder/content/dollardash/thumb/dollar_dash_main_menu_design.jpg
Creating thumbnail: /volume1/Websites/gallery/builder/content/dollardash/dollar_dash_website_banners.jpg
Creating thumbnail: /volume1/Websites/gallery/builder/content/dollardash/thumb/dollar_dash_website_banners.jpg
Creating thumbnail: /volume1/Websites/gallery/builder/content/dollardash/genesis.jpg
Creating thumbnail: /volume1/Websites/gallery/builder/content/dollardash/thumb/genesis.jpg
Creating thumbnail: /volume1/Websites/gallery/builder/content/dollardash/guard_model_sheet.jpg
Creating thumbnail: /volume1/Websites/gallery/builder/content/dollardash/thumb/guard_model_sheet.jpg
Creating thumbnail: /volume1/Websites/gallery/builder/content/dollardash/ps3_buttons.png
libpng warning: iCCP: known incorrect sRGB profile
Creating thumbnail: /volume1/Websites/gallery/builder/content/dollardash/thumb/ps3_buttons.png
Creating thumbnail: /volume1/Websites/gallery/builder/content/dollardash/thief_2.jpg
Creating thumbnail: /volume1/Websites/gallery/builder/content/dollardash/thumb/thief_2.jpg
Creating thumbnail: /volume1/Websites/gallery/builder/content/dollardash/thief_female_model_sheet.jpg
Creating thumbnail: /volume1/Websites/gallery/builder/content/dollardash/thumb/thief_female_model_sheet.jpg
Creating thumbnail: /volume1/Websites/gallery/builder/content/dollardash/xbox360_buttons.png
Creating thumbnail: /volume1/Websites/gallery/builder/content/dollardash/thumb/xbox360_buttons.png
connecting to web.4ware.net...
logging in...
add file: candygun-logo-draft.jpg...
add file: candygun-logo-draft.jpg...
add file: candygun_avatars.jpg...
add file: candygun_avatars.jpg...
add file: 03.jpg...
add file: 03.jpg...
add file: 04.jpg...
add file: 10.jpg...
add file: 09.jpg...
add file: all_hats.jpg...
add file: dollar_dash_lobby_design.jpg...
add file: dollar_dash_main_menu_design.jpg...
add file: dollar_dash_website_banners.jpg...
add file: genesis.jpg...
add file: guard_model_sheet.jpg...
add file: thief_2.jpg...
add file: thief_female_model_sheet.jpg...
add file: 04.jpg...
add file: 10.jpg...
add file: 09.jpg...
add file: all_hats.jpg...
add file: dollar_dash_lobby_design.jpg...
add file: dollar_dash_main_menu_design.jpg...
add file: dollar_dash_website_banners.jpg...
add file: genesis.jpg...
add file: guard_model_sheet.jpg...
add file: thief_2.jpg...
add file: thief_female_model_sheet.jpg...
closing connection...

Added 28 items.
</pre>
